[23:29:33] [Client thread/INFO]: Setting user: Player3
[23:29:35] [Client thread/WARN]: Skipping bad option: lastServer:
[23:29:35] [Client thread/INFO]: LWJGL Version: 2.9.4
[23:29:36] [Client thread/ERROR]: Couldn't set pixel format
org.lwjgl.LWJGLException: Pixel format not accelerated
	at org.lwjgl.opengl.WindowsPeerInfo.nChoosePixelFormat(Native Method) ~[lwjgl-2.9.4-nightly-20150209.jar:?]
	at org.lwjgl.opengl.WindowsPeerInfo.choosePixelFormat(WindowsPeerInfo.java:52) ~[lwjgl-2.9.4-nightly-20150209.jar:?]
	at org.lwjgl.opengl.WindowsDisplay.createWindow(WindowsDisplay.java:247) ~[lwjgl-2.9.4-nightly-20150209.jar:?]
	at org.lwjgl.opengl.Display.createWindow(Display.java:306) ~[lwjgl-2.9.4-nightly-20150209.jar:?]
	at org.lwjgl.opengl.Display.create(Display.java:848) ~[lwjgl-2.9.4-nightly-20150209.jar:?]
	at org.lwjgl.opengl.Display.create(Display.java:757) ~[lwjgl-2.9.4-nightly-20150209.jar:?]
	at net.minecraft.client.Minecraft.createDisplay(Minecraft.java:615) [Minecraft.class:?]
	at net.minecraft.client.Minecraft.init(Minecraft.java:469) [Minecraft.class:?]
	at net.minecraft.client.Minecraft.run(Minecraft.java:387) [Minecraft.class:?]
	at net.minecraft.client.main.Main.main(Main.java:118) [Main.class:?]
	at sun.reflect.NativeMethodAccessorImpl.invoke0(Native Method) ~[?:1.8.0_371]
	at sun.reflect.NativeMethodAccessorImpl.invoke(NativeMethodAccessorImpl.java:62) ~[?:1.8.0_371]
	at sun.reflect.DelegatingMethodAccessorImpl.invoke(DelegatingMethodAccessorImpl.java:43) ~[?:1.8.0_371]
	at java.lang.reflect.Method.invoke(Method.java:498) ~[?:1.8.0_371]
	at net.minecraft.launchwrapper.Launch.launch(Launch.java:135) [launchwrapper-1.12.jar:?]
	at net.minecraft.launchwrapper.Launch.main(Launch.java:28) [launchwrapper-1.12.jar:?]
	at sun.reflect.NativeMethodAccessorImpl.invoke0(Native Method) ~[?:1.8.0_371]
	at sun.reflect.NativeMethodAccessorImpl.invoke(NativeMethodAccessorImpl.java:62) ~[?:1.8.0_371]
	at sun.reflect.DelegatingMethodAccessorImpl.invoke(DelegatingMethodAccessorImpl.java:43) ~[?:1.8.0_371]
	at java.lang.reflect.Method.invoke(Method.java:498) ~[?:1.8.0_371]
	at net.minecraftforge.gradle.GradleStartCommon.launch(GradleStartCommon.java:97) [start/:?]
	at GradleStart.main(GradleStart.java:26) [start/:?]
[23:29:37] [Client thread/INFO]: [STDOUT]: MALMO: Attempting to transform MinecraftServer
[23:29:37] [Client thread/INFO]: [STDOUT]: MALMO: Found GlStateManager, attempting to transform it
[23:29:37] [Client thread/INFO]: [STDOUT]: MALMO: Found GlStateManager.bindTexture() method, attempting to transform it
[23:29:37] [Client thread/INFO]: [STDOUT]: MALMO: Hooked into call to GlStateManager.bindTexture()
